<?xml version="1.0" encoding="UTF-8"?>
<coverage generated="1485675202">
  <project timestamp="1485675202">
    <package name="Netpath\Exception">
      <file name="/home/fan/dev/github/net_path/src/Exception/ConnectionNotFoundException.php">
        <class name="ConnectionNotFoundException" namespace="Netpath\Exception">
          <metrics complexity="0" methods="0" coveredmethods="0" conditionals="0" coveredconditionals="0" statements="0" coveredstatements="0" elements="0" coveredelements="0"/>
        </class>
        <metrics loc="6" ncloc="6" classes="0" methods="0" coveredmethods="0" conditionals="0" coveredconditionals="0" statements="0" coveredstatements="0" elements="0" coveredelements="0"/>
      </file>
      <file name="/home/fan/dev/github/net_path/src/Exception/DeviceNotFoundException.php">
        <class name="DeviceNotFoundException" namespace="Netpath\Exception">
          <metrics complexity="0" methods="0" coveredmethods="0" conditionals="0" coveredconditionals="0" statements="0" coveredstatements="0" elements="0" coveredelements="0"/>
        </class>
        <metrics loc="6" ncloc="6" classes="0" methods="0" coveredmethods="0" conditionals="0" coveredconditionals="0" statements="0" coveredstatements="0" elements="0" coveredelements="0"/>
      </file>
      <file name="/home/fan/dev/github/net_path/src/Exception/InSituException.php">
        <class name="InSituException" namespace="Netpath\Exception">
          <metrics complexity="0" methods="0" coveredmethods="0" conditionals="0" coveredconditionals="0" statements="0" coveredstatements="0" elements="0" coveredelements="0"/>
        </class>
        <metrics loc="6" ncloc="6" classes="0" methods="0" coveredmethods="0" conditionals="0" coveredconditionals="0" statements="0" coveredstatements="0" elements="0" coveredelements="0"/>
      </file>
      <file name="/home/fan/dev/github/net_path/src/Exception/PathNotFoundException.php">
        <class name="PathNotFoundException" namespace="Netpath\Exception">
          <metrics complexity="0" methods="0" coveredmethods="0" conditionals="0" coveredconditionals="0" statements="0" coveredstatements="0" elements="0" coveredelements="0"/>
        </class>
        <metrics loc="6" ncloc="6" classes="0" methods="0" coveredmethods="0" conditionals="0" coveredconditionals="0" statements="0" coveredstatements="0" elements="0" coveredelements="0"/>
      </file>
    </package>
    <file name="/home/fan/dev/github/net_path/src/Interfaces/IConnCollection.php">
      <metrics loc="9" ncloc="9" classes="0" methods="0" coveredmethods="0" conditionals="0" coveredconditionals="0" statements="0" coveredstatements="0" elements="0" coveredelements="0"/>
    </file>
    <file name="/home/fan/dev/github/net_path/src/Interfaces/IConnection.php">
      <metrics loc="9" ncloc="9" classes="0" methods="0" coveredmethods="0" conditionals="0" coveredconditionals="0" statements="0" coveredstatements="0" elements="0" coveredelements="0"/>
    </file>
    <file name="/home/fan/dev/github/net_path/src/Interfaces/IDevice.php">
      <metrics loc="6" ncloc="6" classes="0" methods="0" coveredmethods="0" conditionals="0" coveredconditionals="0" statements="0" coveredstatements="0" elements="0" coveredelements="0"/>
    </file>
    <file name="/home/fan/dev/github/net_path/src/Interfaces/IEngine.php">
      <metrics loc="10" ncloc="10" classes="0" methods="0" coveredmethods="0" conditionals="0" coveredconditionals="0" statements="0" coveredstatements="0" elements="0" coveredelements="0"/>
    </file>
    <file name="/home/fan/dev/github/net_path/src/Interfaces/INode.php">
      <metrics loc="14" ncloc="14" classes="0" methods="0" coveredmethods="0" conditionals="0" coveredconditionals="0" statements="0" coveredstatements="0" elements="0" coveredelements="0"/>
    </file>
    <package name="Netpath\Model">
      <file name="/home/fan/dev/github/net_path/src/Model/ConnCollection.php">
        <class name="ConnCollection" namespace="Netpath\Model">
          <metrics complexity="12" methods="4" coveredmethods="4" conditionals="0" coveredconditionals="0" statements="20" coveredstatements="20" elements="24" coveredelements="24"/>
        </class>
        <line num="14" type="method" name="addConnection" visibility="public" complexity="1" crap="1" count="10"/>
        <line num="15" type="stmt" count="10"/>
        <line num="16" type="stmt" count="10"/>
        <line num="18" type="method" name="getConnections" visibility="public" complexity="1" crap="1" count="7"/>
        <line num="19" type="stmt" count="7"/>
        <line num="30" type="method" name="getLatencyBetween" visibility="public" complexity="4" crap="4" count="5"/>
        <line num="31" type="stmt" count="5"/>
        <line num="32" type="stmt" count="5"/>
        <line num="34" type="stmt" count="5"/>
        <line num="35" type="stmt" count="3"/>
        <line num="36" type="stmt" count="3"/>
        <line num="40" type="stmt" count="5"/>
        <line num="41" type="stmt" count="5"/>
        <line num="42" type="stmt" count="5"/>
        <line num="44" type="stmt" count="5"/>
        <line num="45" type="stmt" count="1"/>
        <line num="48" type="stmt" count="4"/>
        <line num="58" type="method" name="anonymous function" complexity="3" crap="3" count="4"/>
        <line num="59" type="stmt" count="4"/>
        <line num="60" type="stmt" count="4"/>
        <line num="63" type="stmt" count="4"/>
        <line num="64" type="stmt" count="4"/>
        <line num="67" type="stmt" count="4"/>
        <line num="69" type="stmt" count="4"/>
        <metrics loc="70" ncloc="56" classes="1" methods="4" coveredmethods="4" conditionals="0" coveredconditionals="0" statements="20" coveredstatements="20" elements="24" coveredelements="24"/>
      </file>
      <file name="/home/fan/dev/github/net_path/src/Model/Connection.php">
        <class name="Connection" namespace="Netpath\Model">
          <metrics complexity="5" methods="5" coveredmethods="5" conditionals="0" coveredconditionals="0" statements="8" coveredstatements="8" elements="13" coveredelements="13"/>
        </class>
        <line num="14" type="method" name="__construct" visibility="public" complexity="1" crap="1" count="11"/>
        <line num="15" type="stmt" count="11"/>
        <line num="16" type="stmt" count="11"/>
        <line num="17" type="stmt" count="11"/>
        <line num="18" type="stmt" count="11"/>
        <line num="20" type="method" name="getFromDevice" visibility="public" complexity="1" crap="1" count="9"/>
        <line num="21" type="stmt" count="9"/>
        <line num="24" type="method" name="getToDevice" visibility="public" complexity="1" crap="1" count="9"/>
        <line num="25" type="stmt" count="9"/>
        <line num="28" type="method" name="getLatency" visibility="public" complexity="1" crap="1" count="4"/>
        <line num="29" type="stmt" count="4"/>
        <line num="32" type="method" name="__toString" visibility="public" complexity="1" crap="1" count="1"/>
        <line num="33" type="stmt" count="1"/>
        <metrics loc="34" ncloc="34" classes="1" methods="5" coveredmethods="5" conditionals="0" coveredconditionals="0" statements="8" coveredstatements="8" elements="13" coveredelements="13"/>
      </file>
      <file name="/home/fan/dev/github/net_path/src/Model/Device.php">
        <class name="Device" namespace="Netpath\Model">
          <metrics complexity="2" methods="2" coveredmethods="2" conditionals="0" coveredconditionals="0" statements="3" coveredstatements="3" elements="5" coveredelements="5"/>
        </class>
        <line num="11" type="method" name="__construct" visibility="public" complexity="1" crap="1" count="15"/>
        <line num="12" type="stmt" count="15"/>
        <line num="13" type="stmt" count="15"/>
        <line num="15" type="method" name="__toString" visibility="public" complexity="1" crap="1" count="14"/>
        <line num="16" type="stmt" count="14"/>
        <metrics loc="17" ncloc="17" classes="1" methods="2" coveredmethods="2" conditionals="0" coveredconditionals="0" statements="3" coveredstatements="3" elements="5" coveredelements="5"/>
      </file>
      <file name="/home/fan/dev/github/net_path/src/Model/Node.php">
        <class name="Node" namespace="Netpath\Model">
          <metrics complexity="12" methods="10" coveredmethods="10" conditionals="0" coveredconditionals="0" statements="21" coveredstatements="21" elements="31" coveredelements="31"/>
        </class>
        <line num="16" type="method" name="__construct" visibility="public" complexity="1" crap="1" count="6"/>
        <line num="17" type="stmt" count="6"/>
        <line num="18" type="stmt" count="6"/>
        <line num="20" type="method" name="getDevice" visibility="public" complexity="1" crap="1" count="4"/>
        <line num="21" type="stmt" count="4"/>
        <line num="24" type="method" name="setLatency" visibility="public" complexity="1" crap="1" count="5"/>
        <line num="25" type="stmt" count="5"/>
        <line num="26" type="stmt" count="5"/>
        <line num="28" type="method" name="getLatency" visibility="public" complexity="1" crap="1" count="6"/>
        <line num="29" type="stmt" count="6"/>
        <line num="32" type="method" name="setPreviousNode" visibility="public" complexity="1" crap="1" count="5"/>
        <line num="33" type="stmt" count="5"/>
        <line num="34" type="stmt" count="5"/>
        <line num="36" type="method" name="getPreviousNode" visibility="public" complexity="1" crap="1" count="3"/>
        <line num="37" type="stmt" count="3"/>
        <line num="40" type="method" name="isVisited" visibility="public" complexity="1" crap="1" count="5"/>
        <line num="41" type="stmt" count="5"/>
        <line num="44" type="method" name="setVisited" visibility="public" complexity="1" crap="1" count="4"/>
        <line num="45" type="stmt" count="4"/>
        <line num="46" type="stmt" count="4"/>
        <line num="54" type="method" name="report" visibility="public" complexity="3" crap="3" count="1"/>
        <line num="55" type="stmt" count="1"/>
        <line num="56" type="stmt" count="1"/>
        <line num="57" type="stmt" count="1"/>
        <line num="60" type="stmt" count="1"/>
        <line num="61" type="stmt" count="1"/>
        <line num="62" type="stmt" count="1"/>
        <line num="64" type="stmt" count="1"/>
        <line num="66" type="stmt" count="1"/>
        <line num="69" type="method" name="__toString" visibility="public" complexity="1" crap="1" count="6"/>
        <line num="70" type="stmt" count="6"/>
        <metrics loc="71" ncloc="61" classes="1" methods="10" coveredmethods="10" conditionals="0" coveredconditionals="0" statements="21" coveredstatements="21" elements="31" coveredelements="31"/>
      </file>
    </package>
    <package name="Netpath\Runner">
      <file name="/home/fan/dev/github/net_path/src/Runner/Engine.php">
        <class name="Engine" namespace="Netpath\Runner">
          <metrics complexity="28" methods="12" coveredmethods="12" conditionals="0" coveredconditionals="0" statements="53" coveredstatements="53" elements="65" coveredelements="65"/>
        </class>
        <line num="26" type="method" name="__construct" visibility="public" complexity="1" crap="1" count="6"/>
        <line num="27" type="stmt" count="6"/>
        <line num="28" type="stmt" count="6"/>
        <line num="29" type="stmt" count="6"/>
        <line num="31" type="method" name="loadDevices" visibility="private" complexity="2" crap="2" count="6"/>
        <line num="32" type="stmt" count="6"/>
        <line num="33" type="stmt" count="6"/>
        <line num="34" type="stmt" count="6"/>
        <line num="37" type="stmt" count="6"/>
        <line num="38" type="stmt" count="6"/>
        <line num="40" type="method" name="addDevice" visibility="private" complexity="2" crap="2" count="6"/>
        <line num="41" type="stmt" count="6"/>
        <line num="42" type="stmt" count="6"/>
        <line num="44" type="stmt" count="6"/>
        <line num="46" type="method" name="getDevices" visibility="public" complexity="1" crap="1" count="1"/>
        <line num="47" type="stmt" count="1"/>
        <line num="58" type="method" name="findPath" visibility="public" complexity="4" crap="4" count="5"/>
        <line num="59" type="stmt" count="5"/>
        <line num="62" type="stmt" count="3"/>
        <line num="63" type="stmt" count="3"/>
        <line num="64" type="stmt" count="3"/>
        <line num="66" type="stmt" count="3"/>
        <line num="67" type="stmt" count="3"/>
        <line num="69" type="stmt" count="3"/>
        <line num="70" type="stmt" count="3"/>
        <line num="71" type="stmt" count="3"/>
        <line num="74" type="stmt" count="3"/>
        <line num="76" type="stmt" count="3"/>
        <line num="85" type="method" name="findNeighborsFor" visibility="private" complexity="2" crap="2" count="3"/>
        <line num="86" type="stmt" count="3"/>
        <line num="89" type="stmt" count="3"/>
        <line num="90" type="stmt" count="3"/>
        <line num="93" type="stmt" count="3"/>
        <line num="94" type="stmt" count="3"/>
        <line num="103" type="method" name="getResult" visibility="private" complexity="3" crap="3" count="3"/>
        <line num="104" type="stmt" count="3"/>
        <line num="105" type="stmt" count="3"/>
        <line num="106" type="stmt" count="2"/>
        <line num="109" type="stmt" count="1"/>
        <line num="117" type="method" name="isDone" visibility="public" complexity="2" crap="2" count="3"/>
        <line num="118" type="stmt" count="3"/>
        <line num="121" type="method" name="getIsReversed" visibility="public" complexity="1" crap="1" count="1"/>
        <line num="122" type="stmt" count="1"/>
        <line num="130" type="method" name="getMinLatencyNode" visibility="private" complexity="3" crap="3" count="3"/>
        <line num="132" type="stmt" count="3"/>
        <line num="133" type="stmt" count="3"/>
        <line num="135" type="stmt" count="3"/>
        <line num="136" type="stmt" count="3"/>
        <line num="140" type="method" name="anonymous function" complexity="1" crap="1" count="3"/>
        <line num="141" type="stmt" count="3"/>
        <line num="142" type="stmt" count="3"/>
        <line num="145" type="method" name="init" visibility="private" complexity="5" crap="5" count="5"/>
        <line num="146" type="stmt" count="5"/>
        <line num="147" type="stmt" count="5"/>
        <line num="148" type="stmt" count="1"/>
        <line num="151" type="stmt" count="4"/>
        <line num="152" type="stmt" count="1"/>
        <line num="155" type="stmt" count="3"/>
        <line num="156" type="stmt" count="3"/>
        <line num="157" type="stmt" count="3"/>
        <line num="158" type="stmt" count="3"/>
        <line num="160" type="stmt" count="3"/>
        <line num="161" type="stmt" count="3"/>
        <line num="162" type="stmt" count="3"/>
        <line num="163" type="stmt" count="3"/>
        <metrics loc="164" ncloc="134" classes="1" methods="12" coveredmethods="12" conditionals="0" coveredconditionals="0" statements="53" coveredstatements="53" elements="65" coveredelements="65"/>
      </file>
    </package>
    <metrics files="14" loc="428" ncloc="374" classes="5" methods="33" coveredmethods="33" conditionals="0" coveredconditionals="0" statements="105" coveredstatements="105" elements="138" coveredelements="138"/>
  </project>
</coverage>
